{"uid":"1a7fba55c026c797","name":"Filter orders by customer name","fullName":"src/test/resources/features/epic8_admin/AdminOrders.feature:23","historyId":"6090b7284e709f4012b4e5c0800adab3","time":{"start":1764293626730,"stop":1764293649949,"duration":23219},"status":"broken","statusMessage":"Expected condition failed: waiting for element to be clickable: By.cssSelector: a[data-bs-original-title='View'] (tried for 20 second(s) with 500 milliseconds interval)\nBuild info: version: '4.38.0', revision: '6b412e825c*'\nSystem info: os.name: 'Windows 11', os.arch: 'amd64', os.version: '10.0', java.version: '24.0.1'\nDriver info: org.openqa.selenium.chrome.ChromeDriver\nCapabilities {acceptInsecureCerts: false, browserName: chrome, browserVersion: 142.0.7444.176, chrome: {chromedriverVersion: 142.0.7444.175 (302067f14a4..., userDataDir: C:\\Users\\rewan\\AppData\\Loca...}, fedcm:accounts: true, goog:chromeOptions: {debuggerAddress: localhost:51228}, goog:processID: 3660, networkConnectionEnabled: false, pageLoadStrategy: normal, platformName: windows, proxy: Proxy(), se:cdp: ws://localhost:51228/devtoo..., se:cdpVersion: 142.0.7444.176, setWindowRect: true, strictFileInteractability: false, timeouts: {implicit: 0, pageLoad: 300000, script: 30000}, unhandledPromptBehavior: dismiss and notify, webauthn:extension:credBlob: true, webauthn:extension:largeBlob: true, webauthn:extension:minPinLength: true, webauthn:extension:prf: true, webauthn:virtualAuthenticators: true}\nSession ID: e61ca63e364112e2a7a672141e2807e7","statusTrace":"org.openqa.selenium.TimeoutException: Expected condition failed: waiting for element to be clickable: By.cssSelector: a[data-bs-original-title='View'] (tried for 20 second(s) with 500 milliseconds interval)\nBuild info: version: '4.38.0', revision: '6b412e825c*'\nSystem info: os.name: 'Windows 11', os.arch: 'amd64', os.version: '10.0', java.version: '24.0.1'\nDriver info: org.openqa.selenium.chrome.ChromeDriver\nCapabilities {acceptInsecureCerts: false, browserName: chrome, browserVersion: 142.0.7444.176, chrome: {chromedriverVersion: 142.0.7444.175 (302067f14a4..., userDataDir: C:\\Users\\rewan\\AppData\\Loca...}, fedcm:accounts: true, goog:chromeOptions: {debuggerAddress: localhost:51228}, goog:processID: 3660, networkConnectionEnabled: false, pageLoadStrategy: normal, platformName: windows, proxy: Proxy(), se:cdp: ws://localhost:51228/devtoo..., se:cdpVersion: 142.0.7444.176, setWindowRect: true, strictFileInteractability: false, timeouts: {implicit: 0, pageLoad: 300000, script: 30000}, unhandledPromptBehavior: dismiss and notify, webauthn:extension:credBlob: true, webauthn:extension:largeBlob: true, webauthn:extension:minPinLength: true, webauthn:extension:prf: true, webauthn:virtualAuthenticators: true}\nSession ID: e61ca63e364112e2a7a672141e2807e7\r\n\tat org.openqa.selenium.support.ui.WebDriverWait.timeoutException(WebDriverWait.java:84)\r\n\tat org.openqa.selenium.support.ui.FluentWait.until(FluentWait.java:228)\r\n\tat base.HelpFunctions.waitToBeClickable(HelpFunctions.java:29)\r\n\tat base.HelpFunctions.click(HelpFunctions.java:37)\r\n\tat pages.AdminPage.goToOrdersPage(AdminPage.java:145)\r\n\tat stepDefinitions.epic8_admin.AdminOrdersSteps.the_admin_navigates_to_the_orders_page(AdminOrdersSteps.java:31)\r\n\tat ✽.the admin navigates to the Orders page(file:///C:/Users/rewan/Downloads/Graduation%20project/DEPI-Final-Project/Automation/src/test/resources/features/epic8_admin/AdminOrders.feature:6)\r\n","flaky":false,"newFailed":false,"newBroken":false,"newPassed":false,"retriesCount":0,"retriesStatusChange":false,"beforeStages":[{"name":"hooks.Hooks.setUp()","time":{"start":1764293626731,"stop":1764293628008,"duration":1277},"status":"passed","steps":[],"attachments":[],"parameters":[],"hasContent":false,"stepsCount":0,"attachmentsCount":0,"attachmentStep":false,"shouldDisplayMessage":false},{"name":"stepDefinitions.epic5_checkout.CheckoutSteps.setPages()","time":{"start":1764293628008,"stop":1764293628009,"duration":1},"status":"passed","steps":[],"attachments":[],"parameters":[],"hasContent":false,"stepsCount":0,"attachmentsCount":0,"attachmentStep":false,"shouldDisplayMessage":false},{"name":"stepDefinitions.epic6_orders.OrderManagementSteps.setPages()","time":{"start":1764293628009,"stop":1764293628010,"duration":1},"status":"passed","steps":[],"attachments":[],"parameters":[],"hasContent":false,"stepsCount":0,"attachmentsCount":0,"attachmentStep":false,"shouldDisplayMessage":false}],"testStage":{"status":"broken","statusMessage":"Expected condition failed: waiting for element to be clickable: By.cssSelector: a[data-bs-original-title='View'] (tried for 20 second(s) with 500 milliseconds interval)\nBuild info: version: '4.38.0', revision: '6b412e825c*'\nSystem info: os.name: 'Windows 11', os.arch: 'amd64', os.version: '10.0', java.version: '24.0.1'\nDriver info: org.openqa.selenium.chrome.ChromeDriver\nCapabilities {acceptInsecureCerts: false, browserName: chrome, browserVersion: 142.0.7444.176, chrome: {chromedriverVersion: 142.0.7444.175 (302067f14a4..., userDataDir: C:\\Users\\rewan\\AppData\\Loca...}, fedcm:accounts: true, goog:chromeOptions: {debuggerAddress: localhost:51228}, goog:processID: 3660, networkConnectionEnabled: false, pageLoadStrategy: normal, platformName: windows, proxy: Proxy(), se:cdp: ws://localhost:51228/devtoo..., se:cdpVersion: 142.0.7444.176, setWindowRect: true, strictFileInteractability: false, timeouts: {implicit: 0, pageLoad: 300000, script: 30000}, unhandledPromptBehavior: dismiss and notify, webauthn:extension:credBlob: true, webauthn:extension:largeBlob: true, webauthn:extension:minPinLength: true, webauthn:extension:prf: true, webauthn:virtualAuthenticators: true}\nSession ID: e61ca63e364112e2a7a672141e2807e7","statusTrace":"org.openqa.selenium.TimeoutException: Expected condition failed: waiting for element to be clickable: By.cssSelector: a[data-bs-original-title='View'] (tried for 20 second(s) with 500 milliseconds interval)\nBuild info: version: '4.38.0', revision: '6b412e825c*'\nSystem info: os.name: 'Windows 11', os.arch: 'amd64', os.version: '10.0', java.version: '24.0.1'\nDriver info: org.openqa.selenium.chrome.ChromeDriver\nCapabilities {acceptInsecureCerts: false, browserName: chrome, browserVersion: 142.0.7444.176, chrome: {chromedriverVersion: 142.0.7444.175 (302067f14a4..., userDataDir: C:\\Users\\rewan\\AppData\\Loca...}, fedcm:accounts: true, goog:chromeOptions: {debuggerAddress: localhost:51228}, goog:processID: 3660, networkConnectionEnabled: false, pageLoadStrategy: normal, platformName: windows, proxy: Proxy(), se:cdp: ws://localhost:51228/devtoo..., se:cdpVersion: 142.0.7444.176, setWindowRect: true, strictFileInteractability: false, timeouts: {implicit: 0, pageLoad: 300000, script: 30000}, unhandledPromptBehavior: dismiss and notify, webauthn:extension:credBlob: true, webauthn:extension:largeBlob: true, webauthn:extension:minPinLength: true, webauthn:extension:prf: true, webauthn:virtualAuthenticators: true}\nSession ID: e61ca63e364112e2a7a672141e2807e7\r\n\tat org.openqa.selenium.support.ui.WebDriverWait.timeoutException(WebDriverWait.java:84)\r\n\tat org.openqa.selenium.support.ui.FluentWait.until(FluentWait.java:228)\r\n\tat base.HelpFunctions.waitToBeClickable(HelpFunctions.java:29)\r\n\tat base.HelpFunctions.click(HelpFunctions.java:37)\r\n\tat pages.AdminPage.goToOrdersPage(AdminPage.java:145)\r\n\tat stepDefinitions.epic8_admin.AdminOrdersSteps.the_admin_navigates_to_the_orders_page(AdminOrdersSteps.java:31)\r\n\tat ✽.the admin navigates to the Orders page(file:///C:/Users/rewan/Downloads/Graduation%20project/DEPI-Final-Project/Automation/src/test/resources/features/epic8_admin/AdminOrders.feature:6)\r\n","steps":[{"name":"Given  the admin is logged in successfully","time":{"start":1764293628010,"stop":1764293629104,"duration":1094},"status":"passed","steps":[],"attachments":[],"parameters":[],"hasContent":false,"stepsCount":0,"attachmentsCount":0,"attachmentStep":false,"shouldDisplayMessage":false},{"name":"And  the admin navigates to the Orders page","time":{"start":1764293629104,"stop":1764293649757,"duration":20653},"status":"broken","statusMessage":"Expected condition failed: waiting for element to be clickable: By.cssSelector: a[data-bs-original-title='View'] (tried for 20 second(s) with 500 milliseconds interval)\nBuild info: version: '4.38.0', revision: '6b412e825c*'\nSystem info: os.name: 'Windows 11', os.arch: 'amd64', os.version: '10.0', java.version: '24.0.1'\nDriver info: org.openqa.selenium.chrome.ChromeDriver\nCapabilities {acceptInsecureCerts: false, browserName: chrome, browserVersion: 142.0.7444.176, chrome: {chromedriverVersion: 142.0.7444.175 (302067f14a4..., userDataDir: C:\\Users\\rewan\\AppData\\Loca...}, fedcm:accounts: true, goog:chromeOptions: {debuggerAddress: localhost:51228}, goog:processID: 3660, networkConnectionEnabled: false, pageLoadStrategy: normal, platformName: windows, proxy: Proxy(), se:cdp: ws://localhost:51228/devtoo..., se:cdpVersion: 142.0.7444.176, setWindowRect: true, strictFileInteractability: false, timeouts: {implicit: 0, pageLoad: 300000, script: 30000}, unhandledPromptBehavior: dismiss and notify, webauthn:extension:credBlob: true, webauthn:extension:largeBlob: true, webauthn:extension:minPinLength: true, webauthn:extension:prf: true, webauthn:virtualAuthenticators: true}\nSession ID: e61ca63e364112e2a7a672141e2807e7","statusTrace":"org.openqa.selenium.TimeoutException: Expected condition failed: waiting for element to be clickable: By.cssSelector: a[data-bs-original-title='View'] (tried for 20 second(s) with 500 milliseconds interval)\nBuild info: version: '4.38.0', revision: '6b412e825c*'\nSystem info: os.name: 'Windows 11', os.arch: 'amd64', os.version: '10.0', java.version: '24.0.1'\nDriver info: org.openqa.selenium.chrome.ChromeDriver\nCapabilities {acceptInsecureCerts: false, browserName: chrome, browserVersion: 142.0.7444.176, chrome: {chromedriverVersion: 142.0.7444.175 (302067f14a4..., userDataDir: C:\\Users\\rewan\\AppData\\Loca...}, fedcm:accounts: true, goog:chromeOptions: {debuggerAddress: localhost:51228}, goog:processID: 3660, networkConnectionEnabled: false, pageLoadStrategy: normal, platformName: windows, proxy: Proxy(), se:cdp: ws://localhost:51228/devtoo..., se:cdpVersion: 142.0.7444.176, setWindowRect: true, strictFileInteractability: false, timeouts: {implicit: 0, pageLoad: 300000, script: 30000}, unhandledPromptBehavior: dismiss and notify, webauthn:extension:credBlob: true, webauthn:extension:largeBlob: true, webauthn:extension:minPinLength: true, webauthn:extension:prf: true, webauthn:virtualAuthenticators: true}\nSession ID: e61ca63e364112e2a7a672141e2807e7\r\n\tat org.openqa.selenium.support.ui.WebDriverWait.timeoutException(WebDriverWait.java:84)\r\n\tat org.openqa.selenium.support.ui.FluentWait.until(FluentWait.java:228)\r\n\tat base.HelpFunctions.waitToBeClickable(HelpFunctions.java:29)\r\n\tat base.HelpFunctions.click(HelpFunctions.java:37)\r\n\tat pages.AdminPage.goToOrdersPage(AdminPage.java:145)\r\n\tat stepDefinitions.epic8_admin.AdminOrdersSteps.the_admin_navigates_to_the_orders_page(AdminOrdersSteps.java:31)\r\n\tat ✽.the admin navigates to the Orders page(file:///C:/Users/rewan/Downloads/Graduation%20project/DEPI-Final-Project/Automation/src/test/resources/features/epic8_admin/AdminOrders.feature:6)\r\n","steps":[],"attachments":[],"parameters":[],"hasContent":true,"stepsCount":0,"attachmentsCount":0,"attachmentStep":false,"shouldDisplayMessage":true},{"name":"When  the admin filters orders using customer name \"John Doe\"","time":{"start":1764293649757,"stop":1764293649758,"duration":1},"status":"skipped","steps":[],"attachments":[],"parameters":[],"hasContent":false,"stepsCount":0,"attachmentsCount":0,"attachmentStep":false,"shouldDisplayMessage":false},{"name":"Then  orders belonging to \"John Doe\" should be displayed","time":{"start":1764293649758,"stop":1764293649758,"duration":0},"status":"skipped","steps":[],"attachments":[],"parameters":[],"hasContent":false,"stepsCount":0,"attachmentsCount":0,"attachmentStep":false,"shouldDisplayMessage":false}],"attachments":[],"parameters":[],"hasContent":true,"stepsCount":4,"attachmentsCount":0,"attachmentStep":false,"shouldDisplayMessage":false},"afterStages":[{"name":"hooks.Hooks.quit()","time":{"start":1764293649758,"stop":1764293649949,"duration":191},"status":"passed","steps":[],"attachments":[],"parameters":[],"hasContent":false,"stepsCount":0,"attachmentsCount":0,"attachmentStep":false,"shouldDisplayMessage":false}],"labels":[{"name":"tag","value":"admin"},{"name":"host","value":"Rewan"},{"name":"thread","value":"21880@Rewan.main(3)"},{"name":"feature","value":"Admin Orders Management"},{"name":"story","value":"Filter orders by customer name"},{"name":"suite","value":"Admin Orders Management"},{"name":"testClass","value":"Filter orders by customer name"},{"name":"framework","value":"cucumber4jvm"},{"name":"language","value":"java"},{"name":"gherkin_uri","value":"file:///C:/Users/rewan/Downloads/Graduation%20project/DEPI-Final-Project/Automation/src/test/resources/features/epic8_admin/AdminOrders.feature"},{"name":"package","value":"src.test.resources.features.epic8_admin.AdminOrders_feature.Admin Orders Management"},{"name":"resultFormat","value":"allure2"}],"parameters":[],"links":[],"hidden":true,"retry":true,"extra":{"categories":[],"tags":["admin"]},"source":"1a7fba55c026c797.json","parameterValues":[]}