{"uid":"349856e34288ae01","name":"check login with invalid data","fullName":"src/test/resources/features/epic1_registration_login/Login.feature:18","historyId":"cc817403489cb80c2446b5d62f5a4e91","time":{"start":1764346551333,"stop":1764346554762,"duration":3429},"status":"failed","statusMessage":"Wrong validation message! expected [Warning: No match for E-Mail Address and/or Password.] but found [Warning: Your account has exceeded allowed number of login attempts. Please try again in 1 hour.]","statusTrace":"java.lang.AssertionError: Wrong validation message! expected [Warning: No match for E-Mail Address and/or Password.] but found [Warning: Your account has exceeded allowed number of login attempts. Please try again in 1 hour.]\r\n\tat org.testng.Assert.fail(Assert.java:111)\r\n\tat org.testng.Assert.failNotEquals(Assert.java:1590)\r\n\tat org.testng.Assert.assertEqualsImpl(Assert.java:150)\r\n\tat org.testng.Assert.assertEquals(Assert.java:132)\r\n\tat org.testng.Assert.assertEquals(Assert.java:656)\r\n\tat stepDefinitions.epic1_registration_login.LoginSteps.errorMsgShouldBeDisplayedAndUserStillOnLoginPage(LoginSteps.java:66)\r\n\tat ✽.error msg should be displayed and user still on login page(file:///C:/Users/rewan/Downloads/Graduation%20project/DEPI-Final-Project/Automation/src/test/resources/features/epic1_registration_login/Login.feature:13)\r\n","flaky":false,"newFailed":false,"newBroken":false,"newPassed":false,"retriesCount":16,"retriesStatusChange":true,"beforeStages":[{"name":"hooks.Hooks.setUp()","time":{"start":1764346551333,"stop":1764346552790,"duration":1457},"status":"passed","steps":[],"attachments":[],"parameters":[],"hasContent":false,"stepsCount":0,"attachmentsCount":0,"attachmentStep":false,"shouldDisplayMessage":false},{"name":"stepDefinitions.epic5_checkout.CheckoutSteps.setPages()","time":{"start":1764346552790,"stop":1764346552791,"duration":1},"status":"passed","steps":[],"attachments":[],"parameters":[],"hasContent":false,"stepsCount":0,"attachmentsCount":0,"attachmentStep":false,"shouldDisplayMessage":false},{"name":"stepDefinitions.epic6_orders.OrderManagementSteps.setPages()","time":{"start":1764346552791,"stop":1764346552792,"duration":1},"status":"passed","steps":[],"attachments":[],"parameters":[],"hasContent":false,"stepsCount":0,"attachmentsCount":0,"attachmentStep":false,"shouldDisplayMessage":false}],"testStage":{"status":"failed","statusMessage":"Wrong validation message! expected [Warning: No match for E-Mail Address and/or Password.] but found [Warning: Your account has exceeded allowed number of login attempts. Please try again in 1 hour.]","statusTrace":"java.lang.AssertionError: Wrong validation message! expected [Warning: No match for E-Mail Address and/or Password.] but found [Warning: Your account has exceeded allowed number of login attempts. Please try again in 1 hour.]\r\n\tat org.testng.Assert.fail(Assert.java:111)\r\n\tat org.testng.Assert.failNotEquals(Assert.java:1590)\r\n\tat org.testng.Assert.assertEqualsImpl(Assert.java:150)\r\n\tat org.testng.Assert.assertEquals(Assert.java:132)\r\n\tat org.testng.Assert.assertEquals(Assert.java:656)\r\n\tat stepDefinitions.epic1_registration_login.LoginSteps.errorMsgShouldBeDisplayedAndUserStillOnLoginPage(LoginSteps.java:66)\r\n\tat ✽.error msg should be displayed and user still on login page(file:///C:/Users/rewan/Downloads/Graduation%20project/DEPI-Final-Project/Automation/src/test/resources/features/epic1_registration_login/Login.feature:13)\r\n","steps":[{"name":"Given  User navigate to login page","time":{"start":1764346552792,"stop":1764346553564,"duration":772},"status":"passed","steps":[],"attachments":[],"parameters":[],"hasContent":false,"stepsCount":0,"attachmentsCount":0,"attachmentStep":false,"shouldDisplayMessage":false},{"name":"When  User enter invalid \"add@gmail.com\" and \"111111\"","time":{"start":1764346553564,"stop":1764346553866,"duration":302},"status":"passed","steps":[],"attachments":[],"parameters":[],"hasContent":false,"stepsCount":0,"attachmentsCount":0,"attachmentStep":false,"shouldDisplayMessage":false},{"name":"And  Click on login button","time":{"start":1764346553867,"stop":1764346554036,"duration":169},"status":"passed","steps":[],"attachments":[],"parameters":[],"hasContent":false,"stepsCount":0,"attachmentsCount":0,"attachmentStep":false,"shouldDisplayMessage":false},{"name":"Then  error msg should be displayed and user still on login page","time":{"start":1764346554037,"stop":1764346554590,"duration":553},"status":"failed","statusMessage":"Wrong validation message! expected [Warning: No match for E-Mail Address and/or Password.] but found [Warning: Your account has exceeded allowed number of login attempts. Please try again in 1 hour.]","statusTrace":"java.lang.AssertionError: Wrong validation message! expected [Warning: No match for E-Mail Address and/or Password.] but found [Warning: Your account has exceeded allowed number of login attempts. Please try again in 1 hour.]\r\n\tat org.testng.Assert.fail(Assert.java:111)\r\n\tat org.testng.Assert.failNotEquals(Assert.java:1590)\r\n\tat org.testng.Assert.assertEqualsImpl(Assert.java:150)\r\n\tat org.testng.Assert.assertEquals(Assert.java:132)\r\n\tat org.testng.Assert.assertEquals(Assert.java:656)\r\n\tat stepDefinitions.epic1_registration_login.LoginSteps.errorMsgShouldBeDisplayedAndUserStillOnLoginPage(LoginSteps.java:66)\r\n\tat ✽.error msg should be displayed and user still on login page(file:///C:/Users/rewan/Downloads/Graduation%20project/DEPI-Final-Project/Automation/src/test/resources/features/epic1_registration_login/Login.feature:13)\r\n","steps":[],"attachments":[],"parameters":[],"hasContent":true,"stepsCount":0,"attachmentsCount":0,"attachmentStep":false,"shouldDisplayMessage":true}],"attachments":[],"parameters":[],"hasContent":true,"stepsCount":4,"attachmentsCount":0,"attachmentStep":false,"shouldDisplayMessage":false},"afterStages":[{"name":"hooks.Hooks.quit()","time":{"start":1764346554591,"stop":1764346554761,"duration":170},"status":"passed","steps":[],"attachments":[],"parameters":[],"hasContent":false,"stepsCount":0,"attachmentsCount":0,"attachmentStep":false,"shouldDisplayMessage":false}],"labels":[{"name":"host","value":"Rewan"},{"name":"thread","value":"13948@Rewan.main(3)"},{"name":"feature","value":"Authentication"},{"name":"story","value":"check login with invalid data"},{"name":"suite","value":"Authentication"},{"name":"testClass","value":"check login with invalid data"},{"name":"framework","value":"cucumber4jvm"},{"name":"language","value":"java"},{"name":"gherkin_uri","value":"file:///C:/Users/rewan/Downloads/Graduation%20project/DEPI-Final-Project/Automation/src/test/resources/features/epic1_registration_login/Login.feature"},{"name":"package","value":"src.test.resources.features.epic1_registration_login.Login_feature.Authentication"},{"name":"resultFormat","value":"allure2"}],"parameters":[{"name":"email","value":"add@gmail.com"},{"name":"password","value":"111111"}],"links":[],"hidden":false,"retry":false,"extra":{"severity":"normal","retries":[{"uid":"5ce604f9c8fe55ec","status":"passed","time":{"start":1764346478335,"stop":1764346481341,"duration":3006}},{"uid":"827db62ffe9ef404","status":"passed","time":{"start":1764345851583,"stop":1764345856244,"duration":4661}},{"uid":"4a75c3b281b1f6ff","status":"failed","statusDetails":"Wrong validation message! expected [Warning: No match for E-Mail Address and/or Password.] but found [Warning: Your account has exceeded allowed number of login attempts. Please try again in 1 hour.]","time":{"start":1764345546938,"stop":1764345550487,"duration":3549}},{"uid":"650b71cba32eeb13","status":"passed","time":{"start":1764345289955,"stop":1764345293560,"duration":3605}},{"uid":"318ef88a85a47291","status":"passed","time":{"start":1764287948973,"stop":1764287952579,"duration":3606}},{"uid":"1799ada31fac824","status":"failed","statusDetails":"Wrong validation message! expected [Warning: No match for E-Mail Address and/or Password.] but found [Warning: Your account has exceeded allowed number of login attempts. Please try again in 1 hour.]","time":{"start":1764282401836,"stop":1764282405622,"duration":3786}},{"uid":"a6ed9e761d383ac4","status":"skipped","statusDetails":"unknown error: net::ERR_CONNECTION_REFUSED\n  (Session info: chrome=142.0.7444.176)\nBuild info: version: '4.38.0', revision: '6b412e825c*'\nSystem info: os.name: 'Windows 11', os.arch: 'amd64', os.version: '10.0', java.version: '24.0.1'\nDriver info: org.openqa.selenium.chrome.ChromeDriver\nCommand: [08e3f89a2bd46de08d98bc4ade3d9fb6, get {url=http://localhost:80/opencart/}]\nCapabilities {acceptInsecureCerts: false, browserName: chrome, browserVersion: 142.0.7444.176, chrome: {chromedriverVersion: 142.0.7444.175 (302067f14a4..., userDataDir: C:\\Users\\rewan\\AppData\\Loca...}, fedcm:accounts: true, goog:chromeOptions: {debuggerAddress: localhost:49699}, goog:processID: 1664, networkConnectionEnabled: false, pageLoadStrategy: normal, platformName: windows, proxy: Proxy(), se:cdp: ws://localhost:49699/devtoo..., se:cdpVersion: 142.0.7444.176, setWindowRect: true, strictFileInteractability: false, timeouts: {implicit: 0, pageLoad: 300000, script: 30000}, unhandledPromptBehavior: dismiss and notify, webauthn:extension:credBlob: true, webauthn:extension:largeBlob: true, webauthn:extension:minPinLength: true, webauthn:extension:prf: true, webauthn:virtualAuthenticators: true}\nSession ID: 08e3f89a2bd46de08d98bc4ade3d9fb6","time":{"start":1764282273948,"stop":1764282277724,"duration":3776}},{"uid":"dd1c812477911f67","status":"passed","time":{"start":1764269378467,"stop":1764269382415,"duration":3948}},{"uid":"5098cf66f7efc8c4","status":"passed","time":{"start":1764253126461,"stop":1764253130423,"duration":3962}},{"uid":"d7f2a49f7ecdccd","status":"failed","statusDetails":"Wrong validation message! expected [Warning: No match for E-Mail Address and/or Password.] but found [Warning: Your account has exceeded allowed number of login attempts. Please try again in 1 hour.]","time":{"start":1764251649372,"stop":1764251653152,"duration":3780}},{"uid":"22f62a3ee732d5d2","status":"failed","statusDetails":"Wrong validation message! expected [ Warning: No match for E-Mail Address and/or Password.] but found [Warning: Your account has exceeded allowed number of login attempts. Please try again in 1 hour.]","time":{"start":1764251596544,"stop":1764251600169,"duration":3625}},{"uid":"574594ed680d531f","status":"failed","statusDetails":"Wrong validation message! expected [ Warning: No match for E-Mail Address and/or Password.] but found [Warning: Your account has exceeded allowed number of login attempts. Please try again in 1 hour.]","time":{"start":1764251304781,"stop":1764251308504,"duration":3723}},{"uid":"d0ea93d976bff6b1","status":"broken","statusDetails":"Expected condition failed: waiting for url to contain \"route=account/account\". Current url: \"http://localhost/opencart/index.php?route=account/login&language=en-gb\" (tried for 20 second(s) with 500 milliseconds interval)\nBuild info: version: '4.38.0', revision: '6b412e825c*'\nSystem info: os.name: 'Windows 11', os.arch: 'amd64', os.version: '10.0', java.version: '24.0.1'\nDriver info: org.openqa.selenium.chrome.ChromeDriver\nCapabilities {acceptInsecureCerts: false, browserName: chrome, browserVersion: 142.0.7444.176, chrome: {chromedriverVersion: 142.0.7444.175 (302067f14a4..., userDataDir: C:\\Users\\rewan\\AppData\\Loca...}, fedcm:accounts: true, goog:chromeOptions: {debuggerAddress: localhost:64084}, goog:processID: 23668, networkConnectionEnabled: false, pageLoadStrategy: normal, platformName: windows, proxy: Proxy(), se:cdp: ws://localhost:64084/devtoo..., se:cdpVersion: 142.0.7444.176, setWindowRect: true, strictFileInteractability: false, timeouts: {implicit: 0, pageLoad: 300000, script: 30000}, unhandledPromptBehavior: dismiss and notify, webauthn:extension:credBlob: true, webauthn:extension:largeBlob: true, webauthn:extension:minPinLength: true, webauthn:extension:prf: true, webauthn:virtualAuthenticators: true}\nSession ID: 319a70e197b58fad78996e67d34bec32","time":{"start":1764251149588,"stop":1764251172369,"duration":22781}},{"uid":"92d67908fc2b8e8f","status":"broken","statusDetails":"Expected condition failed: waiting for url to contain \"route=account/account\". Current url: \"http://localhost/opencart/index.php?route=account/login&language=en-gb\" (tried for 20 second(s) with 500 milliseconds interval)\nBuild info: version: '4.38.0', revision: '6b412e825c*'\nSystem info: os.name: 'Windows 11', os.arch: 'amd64', os.version: '10.0', java.version: '24.0.1'\nDriver info: org.openqa.selenium.chrome.ChromeDriver\nCapabilities {acceptInsecureCerts: false, browserName: chrome, browserVersion: 142.0.7444.176, chrome: {chromedriverVersion: 142.0.7444.175 (302067f14a4..., userDataDir: C:\\Users\\rewan\\AppData\\Loca...}, fedcm:accounts: true, goog:chromeOptions: {debuggerAddress: localhost:64511}, goog:processID: 22356, networkConnectionEnabled: false, pageLoadStrategy: normal, platformName: windows, proxy: Proxy(), se:cdp: ws://localhost:64511/devtoo..., se:cdpVersion: 142.0.7444.176, setWindowRect: true, strictFileInteractability: false, timeouts: {implicit: 0, pageLoad: 300000, script: 30000}, unhandledPromptBehavior: dismiss and notify, webauthn:extension:credBlob: true, webauthn:extension:largeBlob: true, webauthn:extension:minPinLength: true, webauthn:extension:prf: true, webauthn:virtualAuthenticators: true}\nSession ID: 32162421396ba2f8b6a714648288dbf7","time":{"start":1764250236495,"stop":1764250259479,"duration":22984}},{"uid":"e71c11536b1c2696","status":"broken","statusDetails":"Remote browser did not respond to getCurrentUrl\nBuild info: version: '4.38.0', revision: '6b412e825c*'\nSystem info: os.name: 'Windows 11', os.arch: 'amd64', os.version: '10.0', java.version: '24.0.1'\nDriver info: driver.version: RemoteWebDriver","time":{"start":1764250091049,"stop":1764250097454,"duration":6405}},{"uid":"84f87d28ad11a477","status":"broken","statusDetails":"invalid session id: session deleted as the browser has closed the connection\nfrom disconnected: not connected to DevTools\n  (Session info: chrome=142.0.7444.176)\nBuild info: version: '4.38.0', revision: '6b412e825c*'\nSystem info: os.name: 'Windows 11', os.arch: 'amd64', os.version: '10.0', java.version: '24.0.1'\nDriver info: org.openqa.selenium.chrome.ChromeDriver\nCommand: [0cdf124b3a8bfcabc67a1af69c8080d0, getCurrentUrl {}]\nCapabilities {acceptInsecureCerts: false, browserName: chrome, browserVersion: 142.0.7444.176, chrome: {chromedriverVersion: 142.0.7444.175 (302067f14a4..., userDataDir: C:\\Users\\rewan\\AppData\\Loca...}, fedcm:accounts: true, goog:chromeOptions: {debuggerAddress: localhost:51128}, goog:processID: 17624, networkConnectionEnabled: false, pageLoadStrategy: normal, platformName: windows, proxy: Proxy(), se:cdp: ws://localhost:51128/devtoo..., se:cdpVersion: 142.0.7444.176, setWindowRect: true, strictFileInteractability: false, timeouts: {implicit: 0, pageLoad: 300000, script: 30000}, unhandledPromptBehavior: dismiss and notify, webauthn:extension:credBlob: true, webauthn:extension:largeBlob: true, webauthn:extension:minPinLength: true, webauthn:extension:prf: true, webauthn:virtualAuthenticators: true}\nSession ID: 0cdf124b3a8bfcabc67a1af69c8080d0","time":{"start":1764246217620,"stop":1764246222544,"duration":4924}}],"categories":[{"name":"Product defects","matchedStatuses":[]}],"tags":[]},"source":"349856e34288ae01.json","parameterValues":["add@gmail.com","111111"]}