{"uid":"8aadbb32f26160c7","name":"Change order status","fullName":"src/test/resources/features/epic8_admin/AdminOrders.feature:16","historyId":"86e989412debee904856f28f97fe53a8","time":{"start":1764293603808,"stop":1764293626718,"duration":22910},"status":"broken","statusMessage":"Expected condition failed: waiting for element to be clickable: By.cssSelector: a[data-bs-original-title='View'] (tried for 20 second(s) with 500 milliseconds interval)\nBuild info: version: '4.38.0', revision: '6b412e825c*'\nSystem info: os.name: 'Windows 11', os.arch: 'amd64', os.version: '10.0', java.version: '24.0.1'\nDriver info: org.openqa.selenium.chrome.ChromeDriver\nCapabilities {acceptInsecureCerts: false, browserName: chrome, browserVersion: 142.0.7444.176, chrome: {chromedriverVersion: 142.0.7444.175 (302067f14a4..., userDataDir: C:\\Users\\rewan\\AppData\\Loca...}, fedcm:accounts: true, goog:chromeOptions: {debuggerAddress: localhost:60052}, goog:processID: 10132, networkConnectionEnabled: false, pageLoadStrategy: normal, platformName: windows, proxy: Proxy(), se:cdp: ws://localhost:60052/devtoo..., se:cdpVersion: 142.0.7444.176, setWindowRect: true, strictFileInteractability: false, timeouts: {implicit: 0, pageLoad: 300000, script: 30000}, unhandledPromptBehavior: dismiss and notify, webauthn:extension:credBlob: true, webauthn:extension:largeBlob: true, webauthn:extension:minPinLength: true, webauthn:extension:prf: true, webauthn:virtualAuthenticators: true}\nSession ID: 7c5c31c021b9b2c2483d03bca87ddbde","statusTrace":"org.openqa.selenium.TimeoutException: Expected condition failed: waiting for element to be clickable: By.cssSelector: a[data-bs-original-title='View'] (tried for 20 second(s) with 500 milliseconds interval)\nBuild info: version: '4.38.0', revision: '6b412e825c*'\nSystem info: os.name: 'Windows 11', os.arch: 'amd64', os.version: '10.0', java.version: '24.0.1'\nDriver info: org.openqa.selenium.chrome.ChromeDriver\nCapabilities {acceptInsecureCerts: false, browserName: chrome, browserVersion: 142.0.7444.176, chrome: {chromedriverVersion: 142.0.7444.175 (302067f14a4..., userDataDir: C:\\Users\\rewan\\AppData\\Loca...}, fedcm:accounts: true, goog:chromeOptions: {debuggerAddress: localhost:60052}, goog:processID: 10132, networkConnectionEnabled: false, pageLoadStrategy: normal, platformName: windows, proxy: Proxy(), se:cdp: ws://localhost:60052/devtoo..., se:cdpVersion: 142.0.7444.176, setWindowRect: true, strictFileInteractability: false, timeouts: {implicit: 0, pageLoad: 300000, script: 30000}, unhandledPromptBehavior: dismiss and notify, webauthn:extension:credBlob: true, webauthn:extension:largeBlob: true, webauthn:extension:minPinLength: true, webauthn:extension:prf: true, webauthn:virtualAuthenticators: true}\nSession ID: 7c5c31c021b9b2c2483d03bca87ddbde\r\n\tat org.openqa.selenium.support.ui.WebDriverWait.timeoutException(WebDriverWait.java:84)\r\n\tat org.openqa.selenium.support.ui.FluentWait.until(FluentWait.java:228)\r\n\tat base.HelpFunctions.waitToBeClickable(HelpFunctions.java:29)\r\n\tat base.HelpFunctions.click(HelpFunctions.java:37)\r\n\tat pages.AdminPage.goToOrdersPage(AdminPage.java:145)\r\n\tat stepDefinitions.epic8_admin.AdminOrdersSteps.the_admin_navigates_to_the_orders_page(AdminOrdersSteps.java:31)\r\n\tat ✽.the admin navigates to the Orders page(file:///C:/Users/rewan/Downloads/Graduation%20project/DEPI-Final-Project/Automation/src/test/resources/features/epic8_admin/AdminOrders.feature:6)\r\n","flaky":false,"newFailed":false,"newBroken":false,"newPassed":false,"retriesCount":0,"retriesStatusChange":false,"beforeStages":[{"name":"hooks.Hooks.setUp()","time":{"start":1764293603808,"stop":1764293605191,"duration":1383},"status":"passed","steps":[],"attachments":[],"parameters":[],"hasContent":false,"stepsCount":0,"attachmentsCount":0,"attachmentStep":false,"shouldDisplayMessage":false},{"name":"stepDefinitions.epic5_checkout.CheckoutSteps.setPages()","time":{"start":1764293605191,"stop":1764293605192,"duration":1},"status":"passed","steps":[],"attachments":[],"parameters":[],"hasContent":false,"stepsCount":0,"attachmentsCount":0,"attachmentStep":false,"shouldDisplayMessage":false},{"name":"stepDefinitions.epic6_orders.OrderManagementSteps.setPages()","time":{"start":1764293605192,"stop":1764293605192,"duration":0},"status":"passed","steps":[],"attachments":[],"parameters":[],"hasContent":false,"stepsCount":0,"attachmentsCount":0,"attachmentStep":false,"shouldDisplayMessage":false}],"testStage":{"status":"broken","statusMessage":"Expected condition failed: waiting for element to be clickable: By.cssSelector: a[data-bs-original-title='View'] (tried for 20 second(s) with 500 milliseconds interval)\nBuild info: version: '4.38.0', revision: '6b412e825c*'\nSystem info: os.name: 'Windows 11', os.arch: 'amd64', os.version: '10.0', java.version: '24.0.1'\nDriver info: org.openqa.selenium.chrome.ChromeDriver\nCapabilities {acceptInsecureCerts: false, browserName: chrome, browserVersion: 142.0.7444.176, chrome: {chromedriverVersion: 142.0.7444.175 (302067f14a4..., userDataDir: C:\\Users\\rewan\\AppData\\Loca...}, fedcm:accounts: true, goog:chromeOptions: {debuggerAddress: localhost:60052}, goog:processID: 10132, networkConnectionEnabled: false, pageLoadStrategy: normal, platformName: windows, proxy: Proxy(), se:cdp: ws://localhost:60052/devtoo..., se:cdpVersion: 142.0.7444.176, setWindowRect: true, strictFileInteractability: false, timeouts: {implicit: 0, pageLoad: 300000, script: 30000}, unhandledPromptBehavior: dismiss and notify, webauthn:extension:credBlob: true, webauthn:extension:largeBlob: true, webauthn:extension:minPinLength: true, webauthn:extension:prf: true, webauthn:virtualAuthenticators: true}\nSession ID: 7c5c31c021b9b2c2483d03bca87ddbde","statusTrace":"org.openqa.selenium.TimeoutException: Expected condition failed: waiting for element to be clickable: By.cssSelector: a[data-bs-original-title='View'] (tried for 20 second(s) with 500 milliseconds interval)\nBuild info: version: '4.38.0', revision: '6b412e825c*'\nSystem info: os.name: 'Windows 11', os.arch: 'amd64', os.version: '10.0', java.version: '24.0.1'\nDriver info: org.openqa.selenium.chrome.ChromeDriver\nCapabilities {acceptInsecureCerts: false, browserName: chrome, browserVersion: 142.0.7444.176, chrome: {chromedriverVersion: 142.0.7444.175 (302067f14a4..., userDataDir: C:\\Users\\rewan\\AppData\\Loca...}, fedcm:accounts: true, goog:chromeOptions: {debuggerAddress: localhost:60052}, goog:processID: 10132, networkConnectionEnabled: false, pageLoadStrategy: normal, platformName: windows, proxy: Proxy(), se:cdp: ws://localhost:60052/devtoo..., se:cdpVersion: 142.0.7444.176, setWindowRect: true, strictFileInteractability: false, timeouts: {implicit: 0, pageLoad: 300000, script: 30000}, unhandledPromptBehavior: dismiss and notify, webauthn:extension:credBlob: true, webauthn:extension:largeBlob: true, webauthn:extension:minPinLength: true, webauthn:extension:prf: true, webauthn:virtualAuthenticators: true}\nSession ID: 7c5c31c021b9b2c2483d03bca87ddbde\r\n\tat org.openqa.selenium.support.ui.WebDriverWait.timeoutException(WebDriverWait.java:84)\r\n\tat org.openqa.selenium.support.ui.FluentWait.until(FluentWait.java:228)\r\n\tat base.HelpFunctions.waitToBeClickable(HelpFunctions.java:29)\r\n\tat base.HelpFunctions.click(HelpFunctions.java:37)\r\n\tat pages.AdminPage.goToOrdersPage(AdminPage.java:145)\r\n\tat stepDefinitions.epic8_admin.AdminOrdersSteps.the_admin_navigates_to_the_orders_page(AdminOrdersSteps.java:31)\r\n\tat ✽.the admin navigates to the Orders page(file:///C:/Users/rewan/Downloads/Graduation%20project/DEPI-Final-Project/Automation/src/test/resources/features/epic8_admin/AdminOrders.feature:6)\r\n","steps":[{"name":"Given  the admin is logged in successfully","time":{"start":1764293605192,"stop":1764293606137,"duration":945},"status":"passed","steps":[],"attachments":[],"parameters":[],"hasContent":false,"stepsCount":0,"attachmentsCount":0,"attachmentStep":false,"shouldDisplayMessage":false},{"name":"And  the admin navigates to the Orders page","time":{"start":1764293606137,"stop":1764293626561,"duration":20424},"status":"broken","statusMessage":"Expected condition failed: waiting for element to be clickable: By.cssSelector: a[data-bs-original-title='View'] (tried for 20 second(s) with 500 milliseconds interval)\nBuild info: version: '4.38.0', revision: '6b412e825c*'\nSystem info: os.name: 'Windows 11', os.arch: 'amd64', os.version: '10.0', java.version: '24.0.1'\nDriver info: org.openqa.selenium.chrome.ChromeDriver\nCapabilities {acceptInsecureCerts: false, browserName: chrome, browserVersion: 142.0.7444.176, chrome: {chromedriverVersion: 142.0.7444.175 (302067f14a4..., userDataDir: C:\\Users\\rewan\\AppData\\Loca...}, fedcm:accounts: true, goog:chromeOptions: {debuggerAddress: localhost:60052}, goog:processID: 10132, networkConnectionEnabled: false, pageLoadStrategy: normal, platformName: windows, proxy: Proxy(), se:cdp: ws://localhost:60052/devtoo..., se:cdpVersion: 142.0.7444.176, setWindowRect: true, strictFileInteractability: false, timeouts: {implicit: 0, pageLoad: 300000, script: 30000}, unhandledPromptBehavior: dismiss and notify, webauthn:extension:credBlob: true, webauthn:extension:largeBlob: true, webauthn:extension:minPinLength: true, webauthn:extension:prf: true, webauthn:virtualAuthenticators: true}\nSession ID: 7c5c31c021b9b2c2483d03bca87ddbde","statusTrace":"org.openqa.selenium.TimeoutException: Expected condition failed: waiting for element to be clickable: By.cssSelector: a[data-bs-original-title='View'] (tried for 20 second(s) with 500 milliseconds interval)\nBuild info: version: '4.38.0', revision: '6b412e825c*'\nSystem info: os.name: 'Windows 11', os.arch: 'amd64', os.version: '10.0', java.version: '24.0.1'\nDriver info: org.openqa.selenium.chrome.ChromeDriver\nCapabilities {acceptInsecureCerts: false, browserName: chrome, browserVersion: 142.0.7444.176, chrome: {chromedriverVersion: 142.0.7444.175 (302067f14a4..., userDataDir: C:\\Users\\rewan\\AppData\\Loca...}, fedcm:accounts: true, goog:chromeOptions: {debuggerAddress: localhost:60052}, goog:processID: 10132, networkConnectionEnabled: false, pageLoadStrategy: normal, platformName: windows, proxy: Proxy(), se:cdp: ws://localhost:60052/devtoo..., se:cdpVersion: 142.0.7444.176, setWindowRect: true, strictFileInteractability: false, timeouts: {implicit: 0, pageLoad: 300000, script: 30000}, unhandledPromptBehavior: dismiss and notify, webauthn:extension:credBlob: true, webauthn:extension:largeBlob: true, webauthn:extension:minPinLength: true, webauthn:extension:prf: true, webauthn:virtualAuthenticators: true}\nSession ID: 7c5c31c021b9b2c2483d03bca87ddbde\r\n\tat org.openqa.selenium.support.ui.WebDriverWait.timeoutException(WebDriverWait.java:84)\r\n\tat org.openqa.selenium.support.ui.FluentWait.until(FluentWait.java:228)\r\n\tat base.HelpFunctions.waitToBeClickable(HelpFunctions.java:29)\r\n\tat base.HelpFunctions.click(HelpFunctions.java:37)\r\n\tat pages.AdminPage.goToOrdersPage(AdminPage.java:145)\r\n\tat stepDefinitions.epic8_admin.AdminOrdersSteps.the_admin_navigates_to_the_orders_page(AdminOrdersSteps.java:31)\r\n\tat ✽.the admin navigates to the Orders page(file:///C:/Users/rewan/Downloads/Graduation%20project/DEPI-Final-Project/Automation/src/test/resources/features/epic8_admin/AdminOrders.feature:6)\r\n","steps":[],"attachments":[],"parameters":[],"hasContent":true,"stepsCount":0,"attachmentsCount":0,"attachmentStep":false,"shouldDisplayMessage":true},{"name":"Given  an order with ID \"12345\" exists","time":{"start":1764293626561,"stop":1764293626561,"duration":0},"status":"skipped","steps":[],"attachments":[],"parameters":[],"hasContent":false,"stepsCount":0,"attachmentsCount":0,"attachmentStep":false,"shouldDisplayMessage":false},{"name":"When  the admin opens the order details for \"12345\"","time":{"start":1764293626561,"stop":1764293626561,"duration":0},"status":"skipped","steps":[],"attachments":[],"parameters":[],"hasContent":false,"stepsCount":0,"attachmentsCount":0,"attachmentStep":false,"shouldDisplayMessage":false},{"name":"And  the admin changes the order status to \"Complete\"","time":{"start":1764293626561,"stop":1764293626562,"duration":1},"status":"skipped","steps":[],"attachments":[],"parameters":[],"hasContent":false,"stepsCount":0,"attachmentsCount":0,"attachmentStep":false,"shouldDisplayMessage":false},{"name":"And  clicks the Save button","time":{"start":1764293626562,"stop":1764293626562,"duration":0},"status":"skipped","steps":[],"attachments":[],"parameters":[],"hasContent":false,"stepsCount":0,"attachmentsCount":0,"attachmentStep":false,"shouldDisplayMessage":false},{"name":"Then  a success message should appear saying \"Success: You have modified orders!\"","time":{"start":1764293626562,"stop":1764293626562,"duration":0},"status":"skipped","steps":[],"attachments":[],"parameters":[],"hasContent":false,"stepsCount":0,"attachmentsCount":0,"attachmentStep":false,"shouldDisplayMessage":false}],"attachments":[],"parameters":[],"hasContent":true,"stepsCount":7,"attachmentsCount":0,"attachmentStep":false,"shouldDisplayMessage":false},"afterStages":[{"name":"hooks.Hooks.quit()","time":{"start":1764293626562,"stop":1764293626717,"duration":155},"status":"passed","steps":[],"attachments":[],"parameters":[],"hasContent":false,"stepsCount":0,"attachmentsCount":0,"attachmentStep":false,"shouldDisplayMessage":false}],"labels":[{"name":"tag","value":"admin"},{"name":"host","value":"Rewan"},{"name":"thread","value":"21880@Rewan.main(3)"},{"name":"feature","value":"Admin Orders Management"},{"name":"story","value":"Change order status"},{"name":"suite","value":"Admin Orders Management"},{"name":"testClass","value":"Change order status"},{"name":"framework","value":"cucumber4jvm"},{"name":"language","value":"java"},{"name":"gherkin_uri","value":"file:///C:/Users/rewan/Downloads/Graduation%20project/DEPI-Final-Project/Automation/src/test/resources/features/epic8_admin/AdminOrders.feature"},{"name":"package","value":"src.test.resources.features.epic8_admin.AdminOrders_feature.Admin Orders Management"},{"name":"resultFormat","value":"allure2"}],"parameters":[],"links":[],"hidden":true,"retry":true,"extra":{"categories":[],"tags":["admin"]},"source":"8aadbb32f26160c7.json","parameterValues":[]}