{"uid":"9b81a2ff2bff1158","name":"Filter Reward Points by customer name","fullName":"src/test/resources/features/epic8_admin/AdminReports.feature:43","historyId":"e410e83f24c1ac78bc66fed7f39c82ea","time":{"start":1764343922603,"stop":1764343926484,"duration":3881},"status":"broken","statusMessage":"stale element reference: stale element not found in the current frame\n  (Session info: chrome=142.0.7444.176)\nFor documentation on this error, please visit: https://www.selenium.dev/documentation/webdriver/troubleshooting/errors#staleelementreferenceexception\nBuild info: version: '4.38.0', revision: '6b412e825c*'\nSystem info: os.name: 'Windows 11', os.arch: 'amd64', os.version: '10.0', java.version: '24.0.1'\nDriver info: org.openqa.selenium.chrome.ChromeDriver\nCommand: [227a9decb9b8f8fd415e24a42608af70, clearElement {id=f.69D5D0AA804A83E16FB1B7396C3EF466.d.2ADBF234E44581C317E1943F54AF3FA1.e.1722}]\nCapabilities {acceptInsecureCerts: false, browserName: chrome, browserVersion: 142.0.7444.176, chrome: {chromedriverVersion: 142.0.7444.175 (302067f14a4..., userDataDir: C:\\Users\\rewan\\AppData\\Loca...}, fedcm:accounts: true, goog:chromeOptions: {debuggerAddress: localhost:62683}, goog:processID: 1952, networkConnectionEnabled: false, pageLoadStrategy: normal, platformName: windows, proxy: Proxy(), se:cdp: ws://localhost:62683/devtoo..., se:cdpVersion: 142.0.7444.176, setWindowRect: true, strictFileInteractability: false, timeouts: {implicit: 0, pageLoad: 300000, script: 30000}, unhandledPromptBehavior: dismiss and notify, webauthn:extension:credBlob: true, webauthn:extension:largeBlob: true, webauthn:extension:minPinLength: true, webauthn:extension:prf: true, webauthn:virtualAuthenticators: true}\nElement: [[ChromeDriver: chrome on windows (227a9decb9b8f8fd415e24a42608af70)] -> id: input-customer]\nSession ID: 227a9decb9b8f8fd415e24a42608af70","statusTrace":"org.openqa.selenium.StaleElementReferenceException: stale element reference: stale element not found in the current frame\n  (Session info: chrome=142.0.7444.176)\nFor documentation on this error, please visit: https://www.selenium.dev/documentation/webdriver/troubleshooting/errors#staleelementreferenceexception\nBuild info: version: '4.38.0', revision: '6b412e825c*'\nSystem info: os.name: 'Windows 11', os.arch: 'amd64', os.version: '10.0', java.version: '24.0.1'\nDriver info: org.openqa.selenium.chrome.ChromeDriver\nCommand: [227a9decb9b8f8fd415e24a42608af70, clearElement {id=f.69D5D0AA804A83E16FB1B7396C3EF466.d.2ADBF234E44581C317E1943F54AF3FA1.e.1722}]\nCapabilities {acceptInsecureCerts: false, browserName: chrome, browserVersion: 142.0.7444.176, chrome: {chromedriverVersion: 142.0.7444.175 (302067f14a4..., userDataDir: C:\\Users\\rewan\\AppData\\Loca...}, fedcm:accounts: true, goog:chromeOptions: {debuggerAddress: localhost:62683}, goog:processID: 1952, networkConnectionEnabled: false, pageLoadStrategy: normal, platformName: windows, proxy: Proxy(), se:cdp: ws://localhost:62683/devtoo..., se:cdpVersion: 142.0.7444.176, setWindowRect: true, strictFileInteractability: false, timeouts: {implicit: 0, pageLoad: 300000, script: 30000}, unhandledPromptBehavior: dismiss and notify, webauthn:extension:credBlob: true, webauthn:extension:largeBlob: true, webauthn:extension:minPinLength: true, webauthn:extension:prf: true, webauthn:virtualAuthenticators: true}\nElement: [[ChromeDriver: chrome on windows (227a9decb9b8f8fd415e24a42608af70)] -> id: input-customer]\nSession ID: 227a9decb9b8f8fd415e24a42608af70\r\n\tat java.base/jdk.internal.reflect.DirectConstructorHandleAccessor.newInstance(DirectConstructorHandleAccessor.java:62)\r\n\tat java.base/java.lang.reflect.Constructor.newInstanceWithCaller(Constructor.java:499)\r\n\tat java.base/java.lang.reflect.Constructor.newInstance(Constructor.java:483)\r\n\tat org.openqa.selenium.remote.ErrorCodec.decode(ErrorCodec.java:167)\r\n\tat org.openqa.selenium.remote.codec.w3c.W3CHttpResponseCodec.decode(W3CHttpResponseCodec.java:138)\r\n\tat org.openqa.selenium.remote.codec.w3c.W3CHttpResponseCodec.decode(W3CHttpResponseCodec.java:50)\r\n\tat org.openqa.selenium.remote.HttpCommandExecutor.execute(HttpCommandExecutor.java:215)\r\n\tat org.openqa.selenium.remote.service.DriverCommandExecutor.invokeExecute(DriverCommandExecutor.java:216)\r\n\tat org.openqa.selenium.remote.service.DriverCommandExecutor.execute(DriverCommandExecutor.java:174)\r\n\tat org.openqa.selenium.remote.RemoteWebDriver.execute(RemoteWebDriver.java:557)\r\n\tat org.openqa.selenium.remote.RemoteWebElement.execute(RemoteWebElement.java:223)\r\n\tat org.openqa.selenium.remote.RemoteWebElement.clear(RemoteWebElement.java:129)\r\n\tat base.HelpFunctions.sendText(HelpFunctions.java:44)\r\n\tat pages.AdminPage.filterReportsByCustomer(AdminPage.java:400)\r\n\tat stepDefinitions.epic8_admin.AdminReportsSteps.filters_by_customer_name(AdminReportsSteps.java:77)\r\n\tat ✽.filters by customer name \"John Doe\"(file:///C:/Users/rewan/Downloads/Graduation%20project/DEPI-Final-Project/Automation/src/test/resources/features/epic8_admin/AdminReports.feature:45)\r\n","flaky":false,"newFailed":false,"newBroken":false,"newPassed":false,"retriesCount":0,"retriesStatusChange":false,"beforeStages":[{"name":"hooks.Hooks.setUp()","time":{"start":1764343922603,"stop":1764343924042,"duration":1439},"status":"passed","steps":[],"attachments":[],"parameters":[],"hasContent":false,"stepsCount":0,"attachmentsCount":0,"attachmentStep":false,"shouldDisplayMessage":false},{"name":"stepDefinitions.epic5_checkout.CheckoutSteps.setPages()","time":{"start":1764343924042,"stop":1764343924044,"duration":2},"status":"passed","steps":[],"attachments":[],"parameters":[],"hasContent":false,"stepsCount":0,"attachmentsCount":0,"attachmentStep":false,"shouldDisplayMessage":false},{"name":"stepDefinitions.epic6_orders.OrderManagementSteps.setPages()","time":{"start":1764343924044,"stop":1764343924044,"duration":0},"status":"passed","steps":[],"attachments":[],"parameters":[],"hasContent":false,"stepsCount":0,"attachmentsCount":0,"attachmentStep":false,"shouldDisplayMessage":false}],"testStage":{"status":"broken","statusMessage":"stale element reference: stale element not found in the current frame\n  (Session info: chrome=142.0.7444.176)\nFor documentation on this error, please visit: https://www.selenium.dev/documentation/webdriver/troubleshooting/errors#staleelementreferenceexception\nBuild info: version: '4.38.0', revision: '6b412e825c*'\nSystem info: os.name: 'Windows 11', os.arch: 'amd64', os.version: '10.0', java.version: '24.0.1'\nDriver info: org.openqa.selenium.chrome.ChromeDriver\nCommand: [227a9decb9b8f8fd415e24a42608af70, clearElement {id=f.69D5D0AA804A83E16FB1B7396C3EF466.d.2ADBF234E44581C317E1943F54AF3FA1.e.1722}]\nCapabilities {acceptInsecureCerts: false, browserName: chrome, browserVersion: 142.0.7444.176, chrome: {chromedriverVersion: 142.0.7444.175 (302067f14a4..., userDataDir: C:\\Users\\rewan\\AppData\\Loca...}, fedcm:accounts: true, goog:chromeOptions: {debuggerAddress: localhost:62683}, goog:processID: 1952, networkConnectionEnabled: false, pageLoadStrategy: normal, platformName: windows, proxy: Proxy(), se:cdp: ws://localhost:62683/devtoo..., se:cdpVersion: 142.0.7444.176, setWindowRect: true, strictFileInteractability: false, timeouts: {implicit: 0, pageLoad: 300000, script: 30000}, unhandledPromptBehavior: dismiss and notify, webauthn:extension:credBlob: true, webauthn:extension:largeBlob: true, webauthn:extension:minPinLength: true, webauthn:extension:prf: true, webauthn:virtualAuthenticators: true}\nElement: [[ChromeDriver: chrome on windows (227a9decb9b8f8fd415e24a42608af70)] -> id: input-customer]\nSession ID: 227a9decb9b8f8fd415e24a42608af70","statusTrace":"org.openqa.selenium.StaleElementReferenceException: stale element reference: stale element not found in the current frame\n  (Session info: chrome=142.0.7444.176)\nFor documentation on this error, please visit: https://www.selenium.dev/documentation/webdriver/troubleshooting/errors#staleelementreferenceexception\nBuild info: version: '4.38.0', revision: '6b412e825c*'\nSystem info: os.name: 'Windows 11', os.arch: 'amd64', os.version: '10.0', java.version: '24.0.1'\nDriver info: org.openqa.selenium.chrome.ChromeDriver\nCommand: [227a9decb9b8f8fd415e24a42608af70, clearElement {id=f.69D5D0AA804A83E16FB1B7396C3EF466.d.2ADBF234E44581C317E1943F54AF3FA1.e.1722}]\nCapabilities {acceptInsecureCerts: false, browserName: chrome, browserVersion: 142.0.7444.176, chrome: {chromedriverVersion: 142.0.7444.175 (302067f14a4..., userDataDir: C:\\Users\\rewan\\AppData\\Loca...}, fedcm:accounts: true, goog:chromeOptions: {debuggerAddress: localhost:62683}, goog:processID: 1952, networkConnectionEnabled: false, pageLoadStrategy: normal, platformName: windows, proxy: Proxy(), se:cdp: ws://localhost:62683/devtoo..., se:cdpVersion: 142.0.7444.176, setWindowRect: true, strictFileInteractability: false, timeouts: {implicit: 0, pageLoad: 300000, script: 30000}, unhandledPromptBehavior: dismiss and notify, webauthn:extension:credBlob: true, webauthn:extension:largeBlob: true, webauthn:extension:minPinLength: true, webauthn:extension:prf: true, webauthn:virtualAuthenticators: true}\nElement: [[ChromeDriver: chrome on windows (227a9decb9b8f8fd415e24a42608af70)] -> id: input-customer]\nSession ID: 227a9decb9b8f8fd415e24a42608af70\r\n\tat java.base/jdk.internal.reflect.DirectConstructorHandleAccessor.newInstance(DirectConstructorHandleAccessor.java:62)\r\n\tat java.base/java.lang.reflect.Constructor.newInstanceWithCaller(Constructor.java:499)\r\n\tat java.base/java.lang.reflect.Constructor.newInstance(Constructor.java:483)\r\n\tat org.openqa.selenium.remote.ErrorCodec.decode(ErrorCodec.java:167)\r\n\tat org.openqa.selenium.remote.codec.w3c.W3CHttpResponseCodec.decode(W3CHttpResponseCodec.java:138)\r\n\tat org.openqa.selenium.remote.codec.w3c.W3CHttpResponseCodec.decode(W3CHttpResponseCodec.java:50)\r\n\tat org.openqa.selenium.remote.HttpCommandExecutor.execute(HttpCommandExecutor.java:215)\r\n\tat org.openqa.selenium.remote.service.DriverCommandExecutor.invokeExecute(DriverCommandExecutor.java:216)\r\n\tat org.openqa.selenium.remote.service.DriverCommandExecutor.execute(DriverCommandExecutor.java:174)\r\n\tat org.openqa.selenium.remote.RemoteWebDriver.execute(RemoteWebDriver.java:557)\r\n\tat org.openqa.selenium.remote.RemoteWebElement.execute(RemoteWebElement.java:223)\r\n\tat org.openqa.selenium.remote.RemoteWebElement.clear(RemoteWebElement.java:129)\r\n\tat base.HelpFunctions.sendText(HelpFunctions.java:44)\r\n\tat pages.AdminPage.filterReportsByCustomer(AdminPage.java:400)\r\n\tat stepDefinitions.epic8_admin.AdminReportsSteps.filters_by_customer_name(AdminReportsSteps.java:77)\r\n\tat ✽.filters by customer name \"John Doe\"(file:///C:/Users/rewan/Downloads/Graduation%20project/DEPI-Final-Project/Automation/src/test/resources/features/epic8_admin/AdminReports.feature:45)\r\n","steps":[{"name":"Given  the admin is logged in successfully","time":{"start":1764343924045,"stop":1764343925049,"duration":1004},"status":"passed","steps":[],"attachments":[],"parameters":[],"hasContent":false,"stepsCount":0,"attachmentsCount":0,"attachmentStep":false,"shouldDisplayMessage":false},{"name":"And  the admin navigates to the Reports page","time":{"start":1764343925049,"stop":1764343926089,"duration":1040},"status":"passed","steps":[],"attachments":[],"parameters":[],"hasContent":false,"stepsCount":0,"attachmentsCount":0,"attachmentStep":false,"shouldDisplayMessage":false},{"name":"When  the admin opens the Customer Reward Points Report","time":{"start":1764343926090,"stop":1764343926237,"duration":147},"status":"passed","steps":[],"attachments":[],"parameters":[],"hasContent":false,"stepsCount":0,"attachmentsCount":0,"attachmentStep":false,"shouldDisplayMessage":false},{"name":"And  filters by customer name \"John Doe\"","time":{"start":1764343926237,"stop":1764343926319,"duration":82},"status":"broken","statusMessage":"stale element reference: stale element not found in the current frame\n  (Session info: chrome=142.0.7444.176)\nFor documentation on this error, please visit: https://www.selenium.dev/documentation/webdriver/troubleshooting/errors#staleelementreferenceexception\nBuild info: version: '4.38.0', revision: '6b412e825c*'\nSystem info: os.name: 'Windows 11', os.arch: 'amd64', os.version: '10.0', java.version: '24.0.1'\nDriver info: org.openqa.selenium.chrome.ChromeDriver\nCommand: [227a9decb9b8f8fd415e24a42608af70, clearElement {id=f.69D5D0AA804A83E16FB1B7396C3EF466.d.2ADBF234E44581C317E1943F54AF3FA1.e.1722}]\nCapabilities {acceptInsecureCerts: false, browserName: chrome, browserVersion: 142.0.7444.176, chrome: {chromedriverVersion: 142.0.7444.175 (302067f14a4..., userDataDir: C:\\Users\\rewan\\AppData\\Loca...}, fedcm:accounts: true, goog:chromeOptions: {debuggerAddress: localhost:62683}, goog:processID: 1952, networkConnectionEnabled: false, pageLoadStrategy: normal, platformName: windows, proxy: Proxy(), se:cdp: ws://localhost:62683/devtoo..., se:cdpVersion: 142.0.7444.176, setWindowRect: true, strictFileInteractability: false, timeouts: {implicit: 0, pageLoad: 300000, script: 30000}, unhandledPromptBehavior: dismiss and notify, webauthn:extension:credBlob: true, webauthn:extension:largeBlob: true, webauthn:extension:minPinLength: true, webauthn:extension:prf: true, webauthn:virtualAuthenticators: true}\nElement: [[ChromeDriver: chrome on windows (227a9decb9b8f8fd415e24a42608af70)] -> id: input-customer]\nSession ID: 227a9decb9b8f8fd415e24a42608af70","statusTrace":"org.openqa.selenium.StaleElementReferenceException: stale element reference: stale element not found in the current frame\n  (Session info: chrome=142.0.7444.176)\nFor documentation on this error, please visit: https://www.selenium.dev/documentation/webdriver/troubleshooting/errors#staleelementreferenceexception\nBuild info: version: '4.38.0', revision: '6b412e825c*'\nSystem info: os.name: 'Windows 11', os.arch: 'amd64', os.version: '10.0', java.version: '24.0.1'\nDriver info: org.openqa.selenium.chrome.ChromeDriver\nCommand: [227a9decb9b8f8fd415e24a42608af70, clearElement {id=f.69D5D0AA804A83E16FB1B7396C3EF466.d.2ADBF234E44581C317E1943F54AF3FA1.e.1722}]\nCapabilities {acceptInsecureCerts: false, browserName: chrome, browserVersion: 142.0.7444.176, chrome: {chromedriverVersion: 142.0.7444.175 (302067f14a4..., userDataDir: C:\\Users\\rewan\\AppData\\Loca...}, fedcm:accounts: true, goog:chromeOptions: {debuggerAddress: localhost:62683}, goog:processID: 1952, networkConnectionEnabled: false, pageLoadStrategy: normal, platformName: windows, proxy: Proxy(), se:cdp: ws://localhost:62683/devtoo..., se:cdpVersion: 142.0.7444.176, setWindowRect: true, strictFileInteractability: false, timeouts: {implicit: 0, pageLoad: 300000, script: 30000}, unhandledPromptBehavior: dismiss and notify, webauthn:extension:credBlob: true, webauthn:extension:largeBlob: true, webauthn:extension:minPinLength: true, webauthn:extension:prf: true, webauthn:virtualAuthenticators: true}\nElement: [[ChromeDriver: chrome on windows (227a9decb9b8f8fd415e24a42608af70)] -> id: input-customer]\nSession ID: 227a9decb9b8f8fd415e24a42608af70\r\n\tat java.base/jdk.internal.reflect.DirectConstructorHandleAccessor.newInstance(DirectConstructorHandleAccessor.java:62)\r\n\tat java.base/java.lang.reflect.Constructor.newInstanceWithCaller(Constructor.java:499)\r\n\tat java.base/java.lang.reflect.Constructor.newInstance(Constructor.java:483)\r\n\tat org.openqa.selenium.remote.ErrorCodec.decode(ErrorCodec.java:167)\r\n\tat org.openqa.selenium.remote.codec.w3c.W3CHttpResponseCodec.decode(W3CHttpResponseCodec.java:138)\r\n\tat org.openqa.selenium.remote.codec.w3c.W3CHttpResponseCodec.decode(W3CHttpResponseCodec.java:50)\r\n\tat org.openqa.selenium.remote.HttpCommandExecutor.execute(HttpCommandExecutor.java:215)\r\n\tat org.openqa.selenium.remote.service.DriverCommandExecutor.invokeExecute(DriverCommandExecutor.java:216)\r\n\tat org.openqa.selenium.remote.service.DriverCommandExecutor.execute(DriverCommandExecutor.java:174)\r\n\tat org.openqa.selenium.remote.RemoteWebDriver.execute(RemoteWebDriver.java:557)\r\n\tat org.openqa.selenium.remote.RemoteWebElement.execute(RemoteWebElement.java:223)\r\n\tat org.openqa.selenium.remote.RemoteWebElement.clear(RemoteWebElement.java:129)\r\n\tat base.HelpFunctions.sendText(HelpFunctions.java:44)\r\n\tat pages.AdminPage.filterReportsByCustomer(AdminPage.java:400)\r\n\tat stepDefinitions.epic8_admin.AdminReportsSteps.filters_by_customer_name(AdminReportsSteps.java:77)\r\n\tat ✽.filters by customer name \"John Doe\"(file:///C:/Users/rewan/Downloads/Graduation%20project/DEPI-Final-Project/Automation/src/test/resources/features/epic8_admin/AdminReports.feature:45)\r\n","steps":[],"attachments":[],"parameters":[],"hasContent":true,"stepsCount":0,"attachmentsCount":0,"attachmentStep":false,"shouldDisplayMessage":true},{"name":"Then  only reward points related to \"John Doe\" should appear","time":{"start":1764343926319,"stop":1764343926319,"duration":0},"status":"skipped","steps":[],"attachments":[],"parameters":[],"hasContent":false,"stepsCount":0,"attachmentsCount":0,"attachmentStep":false,"shouldDisplayMessage":false}],"attachments":[],"parameters":[],"hasContent":true,"stepsCount":5,"attachmentsCount":0,"attachmentStep":false,"shouldDisplayMessage":false},"afterStages":[{"name":"hooks.Hooks.quit()","time":{"start":1764343926319,"stop":1764343926484,"duration":165},"status":"passed","steps":[],"attachments":[],"parameters":[],"hasContent":false,"stepsCount":0,"attachmentsCount":0,"attachmentStep":false,"shouldDisplayMessage":false}],"labels":[{"name":"tag","value":"admin"},{"name":"host","value":"Rewan"},{"name":"thread","value":"6504@Rewan.main(3)"},{"name":"feature","value":"Admin Reports Management"},{"name":"story","value":"Filter Reward Points by customer name"},{"name":"suite","value":"Admin Reports Management"},{"name":"testClass","value":"Filter Reward Points by customer name"},{"name":"framework","value":"cucumber4jvm"},{"name":"language","value":"java"},{"name":"gherkin_uri","value":"file:///C:/Users/rewan/Downloads/Graduation%20project/DEPI-Final-Project/Automation/src/test/resources/features/epic8_admin/AdminReports.feature"},{"name":"package","value":"src.test.resources.features.epic8_admin.AdminReports_feature.Admin Reports Management"},{"name":"resultFormat","value":"allure2"}],"parameters":[],"links":[],"hidden":true,"retry":true,"extra":{"categories":[],"tags":["admin"]},"source":"9b81a2ff2bff1158.json","parameterValues":[]}