{"uid":"c429fabd3fe9ff4a","name":"Add a new product","fullName":"src/test/resources/features/epic8_admin/AdminProductManagement.feature:19","historyId":"20840944b2725846dff4cb0d37f1d748","time":{"start":1764302117345,"stop":1764302125677,"duration":8332},"status":"failed","statusMessage":"Success message NOT displayed! expected [true] but found [false]","statusTrace":"java.lang.AssertionError: Success message NOT displayed! expected [true] but found [false]\r\n\tat org.testng.Assert.fail(Assert.java:111)\r\n\tat org.testng.Assert.failNotEquals(Assert.java:1590)\r\n\tat org.testng.Assert.assertTrue(Assert.java:57)\r\n\tat stepDefinitions.epic8_admin.AdminOrdersSteps.a_success_message_should_appear_saying(AdminOrdersSteps.java:103)\r\n\tat ✽.a success message should appear saying \"Success: You have modified products!\"(file:///C:/Users/rewan/Downloads/Graduation%20project/DEPI-Final-Project/Automation/src/test/resources/features/epic8_admin/AdminProductManagement.feature:28)\r\n","flaky":false,"newFailed":false,"newBroken":false,"newPassed":false,"retriesCount":0,"retriesStatusChange":false,"beforeStages":[{"name":"hooks.Hooks.setUp()","time":{"start":1764302117345,"stop":1764302118815,"duration":1470},"status":"passed","steps":[],"attachments":[],"parameters":[],"hasContent":false,"stepsCount":0,"attachmentsCount":0,"attachmentStep":false,"shouldDisplayMessage":false},{"name":"stepDefinitions.epic5_checkout.CheckoutSteps.setPages()","time":{"start":1764302118815,"stop":1764302118816,"duration":1},"status":"passed","steps":[],"attachments":[],"parameters":[],"hasContent":false,"stepsCount":0,"attachmentsCount":0,"attachmentStep":false,"shouldDisplayMessage":false},{"name":"stepDefinitions.epic6_orders.OrderManagementSteps.setPages()","time":{"start":1764302118816,"stop":1764302118816,"duration":0},"status":"passed","steps":[],"attachments":[],"parameters":[],"hasContent":false,"stepsCount":0,"attachmentsCount":0,"attachmentStep":false,"shouldDisplayMessage":false}],"testStage":{"status":"failed","statusMessage":"Success message NOT displayed! expected [true] but found [false]","statusTrace":"java.lang.AssertionError: Success message NOT displayed! expected [true] but found [false]\r\n\tat org.testng.Assert.fail(Assert.java:111)\r\n\tat org.testng.Assert.failNotEquals(Assert.java:1590)\r\n\tat org.testng.Assert.assertTrue(Assert.java:57)\r\n\tat stepDefinitions.epic8_admin.AdminOrdersSteps.a_success_message_should_appear_saying(AdminOrdersSteps.java:103)\r\n\tat ✽.a success message should appear saying \"Success: You have modified products!\"(file:///C:/Users/rewan/Downloads/Graduation%20project/DEPI-Final-Project/Automation/src/test/resources/features/epic8_admin/AdminProductManagement.feature:28)\r\n","steps":[{"name":"Given  the admin is logged in successfully","time":{"start":1764302118817,"stop":1764302119854,"duration":1037},"status":"passed","steps":[],"attachments":[],"parameters":[],"hasContent":false,"stepsCount":0,"attachmentsCount":0,"attachmentStep":false,"shouldDisplayMessage":false},{"name":"And  the admin navigates to the Products page","time":{"start":1764302119855,"stop":1764302120856,"duration":1001},"status":"passed","steps":[],"attachments":[],"parameters":[],"hasContent":false,"stepsCount":0,"attachmentsCount":0,"attachmentStep":false,"shouldDisplayMessage":false},{"name":"When  the admin clicks the Add Product button","time":{"start":1764302120856,"stop":1764302121331,"duration":475},"status":"passed","steps":[],"attachments":[],"parameters":[],"hasContent":false,"stepsCount":0,"attachmentsCount":0,"attachmentStep":false,"shouldDisplayMessage":false},{"name":"And  the admin enters product name \"Test Product\"","time":{"start":1764302121332,"stop":1764302121474,"duration":142},"status":"passed","steps":[],"attachments":[],"parameters":[],"hasContent":false,"stepsCount":0,"attachmentsCount":0,"attachmentStep":false,"shouldDisplayMessage":false},{"name":"And  enters meta tag title \"Test Meta\"","time":{"start":1764302121475,"stop":1764302121603,"duration":128},"status":"passed","steps":[],"attachments":[],"parameters":[],"hasContent":false,"stepsCount":0,"attachmentsCount":0,"attachmentStep":false,"shouldDisplayMessage":false},{"name":"And  navigates to the Data tab","time":{"start":1764302121603,"stop":1764302121787,"duration":184},"status":"passed","steps":[],"attachments":[],"parameters":[],"hasContent":false,"stepsCount":0,"attachmentsCount":0,"attachmentStep":false,"shouldDisplayMessage":false},{"name":"And  enters model \"TP-1001\"","time":{"start":1764302121787,"stop":1764302121922,"duration":135},"status":"passed","steps":[],"attachments":[],"parameters":[],"hasContent":false,"stepsCount":0,"attachmentsCount":0,"attachmentStep":false,"shouldDisplayMessage":false},{"name":"And  navigates to the SEO tab","time":{"start":1764302121923,"stop":1764302122112,"duration":189},"status":"passed","steps":[],"attachments":[],"parameters":[],"hasContent":false,"stepsCount":0,"attachmentsCount":0,"attachmentStep":false,"shouldDisplayMessage":false},{"name":"And  enters SEO keyword \"test-product\"","time":{"start":1764302122112,"stop":1764302122276,"duration":164},"status":"passed","steps":[],"attachments":[],"parameters":[],"hasContent":false,"stepsCount":0,"attachmentsCount":0,"attachmentStep":false,"shouldDisplayMessage":false},{"name":"And  clicks Save","time":{"start":1764302122276,"stop":1764302122458,"duration":182},"status":"passed","steps":[],"attachments":[],"parameters":[],"hasContent":false,"stepsCount":0,"attachmentsCount":0,"attachmentStep":false,"shouldDisplayMessage":false},{"name":"Then  a success message should appear saying \"Success: You have modified products!\"","time":{"start":1764302122462,"stop":1764302125619,"duration":3157},"status":"failed","statusMessage":"Success message NOT displayed! expected [true] but found [false]","statusTrace":"java.lang.AssertionError: Success message NOT displayed! expected [true] but found [false]\r\n\tat org.testng.Assert.fail(Assert.java:111)\r\n\tat org.testng.Assert.failNotEquals(Assert.java:1590)\r\n\tat org.testng.Assert.assertTrue(Assert.java:57)\r\n\tat stepDefinitions.epic8_admin.AdminOrdersSteps.a_success_message_should_appear_saying(AdminOrdersSteps.java:103)\r\n\tat ✽.a success message should appear saying \"Success: You have modified products!\"(file:///C:/Users/rewan/Downloads/Graduation%20project/DEPI-Final-Project/Automation/src/test/resources/features/epic8_admin/AdminProductManagement.feature:28)\r\n","steps":[],"attachments":[],"parameters":[],"hasContent":true,"stepsCount":0,"attachmentsCount":0,"attachmentStep":false,"shouldDisplayMessage":true}],"attachments":[],"parameters":[],"hasContent":true,"stepsCount":11,"attachmentsCount":0,"attachmentStep":false,"shouldDisplayMessage":false},"afterStages":[{"name":"hooks.Hooks.quit()","time":{"start":1764302125621,"stop":1764302125676,"duration":55},"status":"passed","steps":[],"attachments":[],"parameters":[],"hasContent":false,"stepsCount":0,"attachmentsCount":0,"attachmentStep":false,"shouldDisplayMessage":false}],"labels":[{"name":"tag","value":"admin"},{"name":"host","value":"Rewan"},{"name":"thread","value":"11108@Rewan.main(3)"},{"name":"feature","value":"Admin Product Management"},{"name":"story","value":"Add a new product"},{"name":"suite","value":"Admin Product Management"},{"name":"testClass","value":"Add a new product"},{"name":"framework","value":"cucumber4jvm"},{"name":"language","value":"java"},{"name":"gherkin_uri","value":"file:///C:/Users/rewan/Downloads/Graduation%20project/DEPI-Final-Project/Automation/src/test/resources/features/epic8_admin/AdminProductManagement.feature"},{"name":"package","value":"src.test.resources.features.epic8_admin.AdminProductManagement_feature.Admin Product Management"},{"name":"resultFormat","value":"allure2"}],"parameters":[],"links":[],"hidden":true,"retry":true,"extra":{"categories":[],"tags":["admin"]},"source":"c429fabd3fe9ff4a.json","parameterValues":[]}