{"uuid":"14f7dd46-1bf8-4b28-b2f0-58bfd6ded3c2","historyId":"bf2538319223ea656a0bb7525d4227ef","fullName":"src/test/resources/features/epic7_account/AddressManagement.feature:13","labels":[{"name":"tag","value":"requiresLogin"},{"name":"host","value":"Rewan"},{"name":"thread","value":"24228@Rewan.main(3)"},{"name":"feature","value":"AddressManagement"},{"name":"story","value":"Add a new address successfully"},{"name":"suite","value":"AddressManagement"},{"name":"testClass","value":"Add a new address successfully"},{"name":"framework","value":"cucumber4jvm"},{"name":"language","value":"java"},{"name":"gherkin_uri","value":"file:///C:/Users/rewan/Downloads/Graduation%20project/DEPI-Final-Project/Automation/src/test/resources/features/epic7_account/AddressManagement.feature"},{"name":"package","value":"src.test.resources.features.epic7_account.AddressManagement_feature.AddressManagement"}],"links":[],"name":"Add a new address successfully","status":"broken","statusDetails":{"known":false,"muted":false,"flaky":false,"message":"element click intercepted: Element is not clickable at point (869, 799)\n  (Session info: chrome=142.0.7444.176)\nBuild info: version: '4.38.0', revision: '6b412e825c*'\nSystem info: os.name: 'Windows 11', os.arch: 'amd64', os.version: '10.0', java.version: '24.0.1'\nDriver info: org.openqa.selenium.chrome.ChromeDriver\nCommand: [5c2e2c1c0dafcf0035eb548915b3dcaa, clickElement {id=f.BF09595DA3C1DD73979E0A1C18AB9BC6.d.E081CE42794C05AD4BDDD8A618EF0A1F.e.3416}]\nCapabilities {acceptInsecureCerts: false, browserName: chrome, browserVersion: 142.0.7444.176, chrome: {chromedriverVersion: 142.0.7444.175 (302067f14a4..., userDataDir: C:\\Users\\rewan\\AppData\\Loca...}, fedcm:accounts: true, goog:chromeOptions: {debuggerAddress: localhost:60922}, goog:processID: 4728, networkConnectionEnabled: false, pageLoadStrategy: normal, platformName: windows, proxy: Proxy(), se:cdp: ws://localhost:60922/devtoo..., se:cdpVersion: 142.0.7444.176, setWindowRect: true, strictFileInteractability: false, timeouts: {implicit: 0, pageLoad: 300000, script: 30000}, unhandledPromptBehavior: dismiss and notify, webauthn:extension:credBlob: true, webauthn:extension:largeBlob: true, webauthn:extension:minPinLength: true, webauthn:extension:prf: true, webauthn:virtualAuthenticators: true}\nElement: [[ChromeDriver: chrome on windows (5c2e2c1c0dafcf0035eb548915b3dcaa)] -> xpath: //button[contains(@class,'btn-primary')]]\nSession ID: 5c2e2c1c0dafcf0035eb548915b3dcaa","trace":"org.openqa.selenium.ElementClickInterceptedException: element click intercepted: Element is not clickable at point (869, 799)\n  (Session info: chrome=142.0.7444.176)\nBuild info: version: '4.38.0', revision: '6b412e825c*'\nSystem info: os.name: 'Windows 11', os.arch: 'amd64', os.version: '10.0', java.version: '24.0.1'\nDriver info: org.openqa.selenium.chrome.ChromeDriver\nCommand: [5c2e2c1c0dafcf0035eb548915b3dcaa, clickElement {id=f.BF09595DA3C1DD73979E0A1C18AB9BC6.d.E081CE42794C05AD4BDDD8A618EF0A1F.e.3416}]\nCapabilities {acceptInsecureCerts: false, browserName: chrome, browserVersion: 142.0.7444.176, chrome: {chromedriverVersion: 142.0.7444.175 (302067f14a4..., userDataDir: C:\\Users\\rewan\\AppData\\Loca...}, fedcm:accounts: true, goog:chromeOptions: {debuggerAddress: localhost:60922}, goog:processID: 4728, networkConnectionEnabled: false, pageLoadStrategy: normal, platformName: windows, proxy: Proxy(), se:cdp: ws://localhost:60922/devtoo..., se:cdpVersion: 142.0.7444.176, setWindowRect: true, strictFileInteractability: false, timeouts: {implicit: 0, pageLoad: 300000, script: 30000}, unhandledPromptBehavior: dismiss and notify, webauthn:extension:credBlob: true, webauthn:extension:largeBlob: true, webauthn:extension:minPinLength: true, webauthn:extension:prf: true, webauthn:virtualAuthenticators: true}\nElement: [[ChromeDriver: chrome on windows (5c2e2c1c0dafcf0035eb548915b3dcaa)] -> xpath: //button[contains(@class,'btn-primary')]]\nSession ID: 5c2e2c1c0dafcf0035eb548915b3dcaa\r\n\tat java.base/jdk.internal.reflect.DirectConstructorHandleAccessor.newInstance(DirectConstructorHandleAccessor.java:62)\r\n\tat java.base/java.lang.reflect.Constructor.newInstanceWithCaller(Constructor.java:499)\r\n\tat java.base/java.lang.reflect.Constructor.newInstance(Constructor.java:483)\r\n\tat org.openqa.selenium.remote.ErrorCodec.decode(ErrorCodec.java:167)\r\n\tat org.openqa.selenium.remote.codec.w3c.W3CHttpResponseCodec.decode(W3CHttpResponseCodec.java:138)\r\n\tat org.openqa.selenium.remote.codec.w3c.W3CHttpResponseCodec.decode(W3CHttpResponseCodec.java:50)\r\n\tat org.openqa.selenium.remote.HttpCommandExecutor.execute(HttpCommandExecutor.java:215)\r\n\tat org.openqa.selenium.remote.service.DriverCommandExecutor.invokeExecute(DriverCommandExecutor.java:216)\r\n\tat org.openqa.selenium.remote.service.DriverCommandExecutor.execute(DriverCommandExecutor.java:174)\r\n\tat org.openqa.selenium.remote.RemoteWebDriver.execute(RemoteWebDriver.java:557)\r\n\tat org.openqa.selenium.remote.RemoteWebElement.execute(RemoteWebElement.java:223)\r\n\tat org.openqa.selenium.remote.RemoteWebElement.click(RemoteWebElement.java:76)\r\n\tat base.HelpFunctions.click(HelpFunctions.java:43)\r\n\tat pages.NewAddressPage.clickContinue(NewAddressPage.java:68)\r\n\tat stepDefinitions.epic7_account.AddressManagementSteps.the_user_saves_the_address(AddressManagementSteps.java:55)\r\n\tat ✽.the user saves the address(file:///C:/Users/rewan/Downloads/Graduation%20project/DEPI-Final-Project/Automation/src/test/resources/features/epic7_account/AddressManagement.feature:8)\r\n"},"stage":"finished","steps":[{"name":"Given  the user is on the Address Book page","status":"passed","statusDetails":{"known":false,"muted":false,"flaky":false},"stage":"finished","steps":[],"attachments":[],"parameters":[],"start":1764063143383,"stop":1764063143686},{"name":"And  the user clicks on New Address","status":"passed","statusDetails":{"known":false,"muted":false,"flaky":false},"stage":"finished","steps":[],"attachments":[],"parameters":[],"start":1764063143687,"stop":1764063144046},{"name":"When  the user enters a new address with the following details \"Auto\", \"User\", \"123 Test Street\", \"Cairo\", \"11511\", \"Egypt\", \"Al Buhayrah\"","status":"passed","statusDetails":{"known":false,"muted":false,"flaky":false},"stage":"finished","steps":[],"attachments":[],"parameters":[],"start":1764063144046,"stop":1764063145177},{"name":"And  the user saves the address","status":"broken","statusDetails":{"known":false,"muted":false,"flaky":false,"message":"element click intercepted: Element is not clickable at point (869, 799)\n  (Session info: chrome=142.0.7444.176)\nBuild info: version: '4.38.0', revision: '6b412e825c*'\nSystem info: os.name: 'Windows 11', os.arch: 'amd64', os.version: '10.0', java.version: '24.0.1'\nDriver info: org.openqa.selenium.chrome.ChromeDriver\nCommand: [5c2e2c1c0dafcf0035eb548915b3dcaa, clickElement {id=f.BF09595DA3C1DD73979E0A1C18AB9BC6.d.E081CE42794C05AD4BDDD8A618EF0A1F.e.3416}]\nCapabilities {acceptInsecureCerts: false, browserName: chrome, browserVersion: 142.0.7444.176, chrome: {chromedriverVersion: 142.0.7444.175 (302067f14a4..., userDataDir: C:\\Users\\rewan\\AppData\\Loca...}, fedcm:accounts: true, goog:chromeOptions: {debuggerAddress: localhost:60922}, goog:processID: 4728, networkConnectionEnabled: false, pageLoadStrategy: normal, platformName: windows, proxy: Proxy(), se:cdp: ws://localhost:60922/devtoo..., se:cdpVersion: 142.0.7444.176, setWindowRect: true, strictFileInteractability: false, timeouts: {implicit: 0, pageLoad: 300000, script: 30000}, unhandledPromptBehavior: dismiss and notify, webauthn:extension:credBlob: true, webauthn:extension:largeBlob: true, webauthn:extension:minPinLength: true, webauthn:extension:prf: true, webauthn:virtualAuthenticators: true}\nElement: [[ChromeDriver: chrome on windows (5c2e2c1c0dafcf0035eb548915b3dcaa)] -> xpath: //button[contains(@class,'btn-primary')]]\nSession ID: 5c2e2c1c0dafcf0035eb548915b3dcaa","trace":"org.openqa.selenium.ElementClickInterceptedException: element click intercepted: Element is not clickable at point (869, 799)\n  (Session info: chrome=142.0.7444.176)\nBuild info: version: '4.38.0', revision: '6b412e825c*'\nSystem info: os.name: 'Windows 11', os.arch: 'amd64', os.version: '10.0', java.version: '24.0.1'\nDriver info: org.openqa.selenium.chrome.ChromeDriver\nCommand: [5c2e2c1c0dafcf0035eb548915b3dcaa, clickElement {id=f.BF09595DA3C1DD73979E0A1C18AB9BC6.d.E081CE42794C05AD4BDDD8A618EF0A1F.e.3416}]\nCapabilities {acceptInsecureCerts: false, browserName: chrome, browserVersion: 142.0.7444.176, chrome: {chromedriverVersion: 142.0.7444.175 (302067f14a4..., userDataDir: C:\\Users\\rewan\\AppData\\Loca...}, fedcm:accounts: true, goog:chromeOptions: {debuggerAddress: localhost:60922}, goog:processID: 4728, networkConnectionEnabled: false, pageLoadStrategy: normal, platformName: windows, proxy: Proxy(), se:cdp: ws://localhost:60922/devtoo..., se:cdpVersion: 142.0.7444.176, setWindowRect: true, strictFileInteractability: false, timeouts: {implicit: 0, pageLoad: 300000, script: 30000}, unhandledPromptBehavior: dismiss and notify, webauthn:extension:credBlob: true, webauthn:extension:largeBlob: true, webauthn:extension:minPinLength: true, webauthn:extension:prf: true, webauthn:virtualAuthenticators: true}\nElement: [[ChromeDriver: chrome on windows (5c2e2c1c0dafcf0035eb548915b3dcaa)] -> xpath: //button[contains(@class,'btn-primary')]]\nSession ID: 5c2e2c1c0dafcf0035eb548915b3dcaa\r\n\tat java.base/jdk.internal.reflect.DirectConstructorHandleAccessor.newInstance(DirectConstructorHandleAccessor.java:62)\r\n\tat java.base/java.lang.reflect.Constructor.newInstanceWithCaller(Constructor.java:499)\r\n\tat java.base/java.lang.reflect.Constructor.newInstance(Constructor.java:483)\r\n\tat org.openqa.selenium.remote.ErrorCodec.decode(ErrorCodec.java:167)\r\n\tat org.openqa.selenium.remote.codec.w3c.W3CHttpResponseCodec.decode(W3CHttpResponseCodec.java:138)\r\n\tat org.openqa.selenium.remote.codec.w3c.W3CHttpResponseCodec.decode(W3CHttpResponseCodec.java:50)\r\n\tat org.openqa.selenium.remote.HttpCommandExecutor.execute(HttpCommandExecutor.java:215)\r\n\tat org.openqa.selenium.remote.service.DriverCommandExecutor.invokeExecute(DriverCommandExecutor.java:216)\r\n\tat org.openqa.selenium.remote.service.DriverCommandExecutor.execute(DriverCommandExecutor.java:174)\r\n\tat org.openqa.selenium.remote.RemoteWebDriver.execute(RemoteWebDriver.java:557)\r\n\tat org.openqa.selenium.remote.RemoteWebElement.execute(RemoteWebElement.java:223)\r\n\tat org.openqa.selenium.remote.RemoteWebElement.click(RemoteWebElement.java:76)\r\n\tat base.HelpFunctions.click(HelpFunctions.java:43)\r\n\tat pages.NewAddressPage.clickContinue(NewAddressPage.java:68)\r\n\tat stepDefinitions.epic7_account.AddressManagementSteps.the_user_saves_the_address(AddressManagementSteps.java:55)\r\n\tat ✽.the user saves the address(file:///C:/Users/rewan/Downloads/Graduation%20project/DEPI-Final-Project/Automation/src/test/resources/features/epic7_account/AddressManagement.feature:8)\r\n"},"stage":"finished","steps":[],"attachments":[],"parameters":[],"start":1764063145178,"stop":1764063146366},{"name":"Then  the new address should appear in the address list","status":"skipped","statusDetails":{"known":false,"muted":false,"flaky":false},"stage":"finished","steps":[],"attachments":[],"parameters":[],"start":1764063146368,"stop":1764063146369}],"attachments":[],"parameters":[{"name":"FirstName","value":"Auto"},{"name":"LastName","value":"User"},{"name":"Address1","value":"123 Test Street"},{"name":"City","value":"Cairo"},{"name":"Postcode","value":"11511"},{"name":"Country","value":"Egypt"},{"name":"Region","value":"Al Buhayrah"}],"start":1764063139009,"stop":1764063146635}