{"uuid":"3c4ab88a-179f-4dbc-82f7-845661d0c7f8","historyId":"efc3f95ca5b5b46a14a438bec78d152","fullName":"src/test/resources/features/epic4_cart/AddToCart.feature:2","labels":[{"name":"host","value":"DESKTOP-5DAUQLE"},{"name":"thread","value":"15368@DESKTOP-5DAUQLE.main(3)"},{"name":"feature","value":"Add Product to Cart"},{"name":"story","value":"Verify adding a product to the cart"},{"name":"suite","value":"Add Product to Cart"},{"name":"testClass","value":"Verify adding a product to the cart"},{"name":"framework","value":"cucumber4jvm"},{"name":"language","value":"java"},{"name":"gherkin_uri","value":"file:///E:/depi/Grduation%20project/AUTO/DEPI-Final-Project/Automation/src/test/resources/features/epic4_cart/AddToCart.feature"},{"name":"package","value":"src.test.resources.features.epic4_cart.AddToCart_feature.Add Product to Cart"}],"links":[],"name":"Verify adding a product to the cart","status":"failed","statusDetails":{"known":false,"muted":false,"flaky":false,"message":"Success message NOT displayed after adding product to cart expected [true] but found [false]","trace":"java.lang.AssertionError: Success message NOT displayed after adding product to cart expected [true] but found [false]\r\n\tat org.testng.Assert.fail(Assert.java:111)\r\n\tat org.testng.Assert.failNotEquals(Assert.java:1590)\r\n\tat org.testng.Assert.assertTrue(Assert.java:57)\r\n\tat stepDefinitions.epic4_cart.AddToCartSteps.a_success_message_should_be_displayed(AddToCartSteps.java:32)\r\n\tat ✽.a cart success message should be displayed(file:///E:/depi/Grduation%20project/AUTO/DEPI-Final-Project/Automation/src/test/resources/features/epic4_cart/AddToCart.feature:5)\r\n"},"stage":"finished","steps":[{"name":"Given  the product is available in stock","status":"passed","statusDetails":{"known":false,"muted":false,"flaky":false},"stage":"finished","steps":[],"attachments":[],"parameters":[],"start":1764102374178,"stop":1764102375147},{"name":"When  the user clicks Add to Cart","status":"passed","statusDetails":{"known":false,"muted":false,"flaky":false},"stage":"finished","steps":[],"attachments":[],"parameters":[],"start":1764102375149,"stop":1764102375496},{"name":"Then  a cart success message should be displayed","status":"failed","statusDetails":{"known":false,"muted":false,"flaky":false,"message":"Success message NOT displayed after adding product to cart expected [true] but found [false]","trace":"java.lang.AssertionError: Success message NOT displayed after adding product to cart expected [true] but found [false]\r\n\tat org.testng.Assert.fail(Assert.java:111)\r\n\tat org.testng.Assert.failNotEquals(Assert.java:1590)\r\n\tat org.testng.Assert.assertTrue(Assert.java:57)\r\n\tat stepDefinitions.epic4_cart.AddToCartSteps.a_success_message_should_be_displayed(AddToCartSteps.java:32)\r\n\tat ✽.a cart success message should be displayed(file:///E:/depi/Grduation%20project/AUTO/DEPI-Final-Project/Automation/src/test/resources/features/epic4_cart/AddToCart.feature:5)\r\n"},"stage":"finished","steps":[],"attachments":[],"parameters":[],"start":1764102375497,"stop":1764102375620},{"name":"And  the cart count should increase","status":"skipped","statusDetails":{"known":false,"muted":false,"flaky":false},"stage":"finished","steps":[],"attachments":[],"parameters":[],"start":1764102375625,"stop":1764102375627}],"attachments":[],"parameters":[],"start":1764102371168,"stop":1764102375914}